D:\CODE\CUDA SHORTEST PATH\SRC\GPU\SHORTESTPATH\DEBUG\SHORTESTPATH.EXE
D:\CODE\CUDA SHORTEST PATH\SRC\GPU\SHORTESTPATH\DEBUG\SHORTESTPATH.PDB
D:\code\CUDA Shortest Path\src\GPU\ShortestPath\ShortestPath\Debug\bellman_ford.cu.cache
D:\code\CUDA Shortest Path\src\GPU\ShortestPath\ShortestPath\Debug\bellman_ford.cu.obj
D:\code\CUDA Shortest Path\src\GPU\ShortestPath\ShortestPath\Debug\cl.command.1.tlog
D:\code\CUDA Shortest Path\src\GPU\ShortestPath\ShortestPath\Debug\CL.read.1.tlog
D:\code\CUDA Shortest Path\src\GPU\ShortestPath\ShortestPath\Debug\CL.write.1.tlog
D:\code\CUDA Shortest Path\src\GPU\ShortestPath\ShortestPath\Debug\csr_bellman.cu.cache
D:\code\CUDA Shortest Path\src\GPU\ShortestPath\ShortestPath\Debug\csr_bellman.cu.obj
D:\code\CUDA Shortest Path\src\GPU\ShortestPath\ShortestPath\Debug\delta_stepping.cu.cache
D:\code\CUDA Shortest Path\src\GPU\ShortestPath\ShortestPath\Debug\delta_stepping.cu.obj
D:\code\CUDA Shortest Path\src\GPU\ShortestPath\ShortestPath\Debug\dijkstra.cu.cache
D:\code\CUDA Shortest Path\src\GPU\ShortestPath\ShortestPath\Debug\dijkstra.cu.obj
D:\code\CUDA Shortest Path\src\GPU\ShortestPath\ShortestPath\Debug\ell_bellman.cu.cache
D:\code\CUDA Shortest Path\src\GPU\ShortestPath\ShortestPath\Debug\ell_bellman.cu.obj
D:\CODE\CUDA SHORTEST PATH\SRC\GPU\SHORTESTPATH\SHORTESTPATH\DEBUG\HELP.OBJ
D:\code\CUDA Shortest Path\src\GPU\ShortestPath\ShortestPath\Debug\io.cu.cache
D:\code\CUDA Shortest Path\src\GPU\ShortestPath\ShortestPath\Debug\io.cu.obj
D:\code\CUDA Shortest Path\src\GPU\ShortestPath\ShortestPath\Debug\kernel.cu.cache
D:\code\CUDA Shortest Path\src\GPU\ShortestPath\ShortestPath\Debug\kernel.cu.obj
D:\code\CUDA Shortest Path\src\GPU\ShortestPath\ShortestPath\Debug\link.command.1.tlog
D:\code\CUDA Shortest Path\src\GPU\ShortestPath\ShortestPath\Debug\link.read.1.tlog
D:\code\CUDA Shortest Path\src\GPU\ShortestPath\ShortestPath\Debug\link.write.1.tlog
D:\code\CUDA Shortest Path\src\GPU\ShortestPath\ShortestPath\Debug\link-cvtres.read.1.tlog
D:\code\CUDA Shortest Path\src\GPU\ShortestPath\ShortestPath\Debug\link-cvtres.write.1.tlog
D:\code\CUDA Shortest Path\src\GPU\ShortestPath\ShortestPath\Debug\mt.command.1.tlog
D:\code\CUDA Shortest Path\src\GPU\ShortestPath\ShortestPath\Debug\mt.read.1.tlog
D:\code\CUDA Shortest Path\src\GPU\ShortestPath\ShortestPath\Debug\mt.write.1.tlog
D:\code\CUDA Shortest Path\src\GPU\ShortestPath\ShortestPath\Debug\rc.command.1.tlog
D:\code\CUDA Shortest Path\src\GPU\ShortestPath\ShortestPath\Debug\rc.read.1.tlog
D:\code\CUDA Shortest Path\src\GPU\ShortestPath\ShortestPath\Debug\rc.write.1.tlog
D:\CODE\CUDA SHORTEST PATH\SRC\GPU\SHORTESTPATH\SHORTESTPATH\DEBUG\SHORTESTPATH.EXE.EMBED.MANIFEST
D:\CODE\CUDA SHORTEST PATH\SRC\GPU\SHORTESTPATH\SHORTESTPATH\DEBUG\SHORTESTPATH.EXE.EMBED.MANIFEST.RES
D:\CODE\CUDA SHORTEST PATH\SRC\GPU\SHORTESTPATH\SHORTESTPATH\DEBUG\SHORTESTPATH.EXE.INTERMEDIATE.MANIFEST
D:\code\CUDA Shortest Path\src\GPU\ShortestPath\ShortestPath\Debug\ShortestPath_manifest.rc
D:\code\CUDA Shortest Path\src\GPU\ShortestPath\ShortestPath\Debug\vc100.idb
D:\CODE\CUDA SHORTEST PATH\SRC\GPU\SHORTESTPATH\SHORTESTPATH\DEBUG\VC100.PDB
