\BOOKMARK [1][-]{section.1}{\376\377\000\061\000\040\173\200\116\313}{}% 1
\BOOKMARK [1][-]{section.2}{\376\377\000\062\000\040\166\370\121\163\135\345\117\134}{}% 2
\BOOKMARK [1][-]{section.3}{\376\377\000\063\000\040\000\103\000\125\000\104\000\101\000\040\000\104\000\151\000\152\000\153\000\164\000\162\000\141}{}% 3
\BOOKMARK [2][-]{subsection.3.1}{\376\377\000\063\000\056\000\061\000\040\000\104\000\151\000\152\000\153\000\163\000\164\000\162\000\141\173\227\154\325}{section.3}% 4
\BOOKMARK [2][-]{subsection.3.2}{\376\377\000\063\000\056\000\062\000\040\000\122\000\145\000\144\000\165\000\143\000\164\000\151\000\157\000\156}{section.3}% 5
\BOOKMARK [1][-]{section.4}{\376\377\000\064\000\040\000\103\000\125\000\104\000\101\000\040\000\102\000\145\000\154\000\154\000\155\000\141\000\156\000\055\000\106\000\157\000\162\000\144}{}% 6
\BOOKMARK [2][-]{subsection.4.1}{\376\377\000\064\000\056\000\061\000\040\000\102\000\145\000\154\000\154\000\155\000\141\000\156\000\055\000\106\000\157\000\162\000\144\173\227\154\325}{section.4}% 7
\BOOKMARK [2][-]{subsection.4.2}{\376\377\000\064\000\056\000\062\000\040\137\252\163\257\226\037\122\027}{section.4}% 8
\BOOKMARK [2][-]{subsection.4.3}{\376\377\000\064\000\056\000\063\000\040\000\114\000\141\000\162\000\147\000\145\000\040\000\114\000\141\000\142\000\145\000\154\000\040\000\114\000\141\000\163\000\164\124\214\000\123\000\155\000\141\000\154\000\154\000\040\000\114\000\141\000\142\000\145\000\154\000\040\000\106\000\151\000\162\000\163\000\164\117\030\123\026}{section.4}% 9
\BOOKMARK [1][-]{section.5}{\376\377\000\065\000\040\000\103\000\125\000\104\000\101\000\040\000\055\000\123\000\164\000\145\000\160\000\160\000\151\000\156\000\147}{}% 10
\BOOKMARK [2][-]{subsection.5.1}{\376\377\000\065\000\056\000\061\000\040\000\055\000\123\000\164\000\145\000\160\000\160\000\151\000\156\000\147\173\227\154\325}{section.5}% 11
\BOOKMARK [2][-]{subsection.5.2}{\376\377\000\065\000\056\000\062\000\040\000\111\000\156\000\151\000\164\000\151\000\141\000\154}{section.5}% 12
\BOOKMARK [2][-]{subsection.5.3}{\376\377\000\065\000\056\000\063\000\040\000\101\000\144\000\144\000\040\000\124\000\157\000\040\000\122\000\145\000\161\000\165\000\145\000\163\000\164}{section.5}% 13
\BOOKMARK [2][-]{subsection.5.4}{\376\377\000\065\000\056\000\064\000\040\000\122\000\145\000\154\000\141\000\170}{section.5}% 14
\BOOKMARK [2][-]{subsection.5.5}{\376\377\000\065\000\056\000\065\000\040\000\102\000\165\000\143\000\153\000\145\000\164\166\204\145\160\143\156\176\323\147\204}{section.5}% 15
\BOOKMARK [2][-]{subsection.5.6}{\376\377\000\065\000\056\000\066\000\040\166\204\220\011\142\351}{section.5}% 16
\BOOKMARK [1][-]{section.6}{\376\377\000\066\000\040\000\103\000\125\000\104\000\101\000\040\000\123\000\160\000\141\000\162\000\163\000\145\000\040\000\115\000\141\000\164\000\162\000\151\000\170\000\055\000\126\000\145\000\143\000\164\000\157\000\162\000\040\000\102\000\145\000\154\000\154\000\155\000\141\000\156\000\055\000\106\000\157\000\162\000\144}{}% 17
\BOOKMARK [2][-]{subsection.6.1}{\376\377\000\066\000\056\000\061\000\040\000\123\000\160\000\141\000\162\000\163\000\145\000\040\000\115\000\141\000\164\000\162\000\151\000\170\000\055\000\126\000\145\000\143\000\164\000\157\000\162\173\200\116\313}{section.6}% 18
\BOOKMARK [2][-]{subsection.6.2}{\376\377\000\066\000\056\000\062\000\040\000\103\000\123\000\122\000\040\000\102\000\145\000\154\000\154\000\155\000\141\000\156\000\055\000\106\000\157\000\162\000\144\173\227\154\325}{section.6}% 19
\BOOKMARK [2][-]{subsection.6.3}{\376\377\000\066\000\056\000\063\000\040\000\105\000\114\000\114\000\040\000\102\000\145\000\154\000\154\000\155\000\141\000\156\000\055\000\106\000\157\000\162\000\144\173\227\154\325}{section.6}% 20
\BOOKMARK [1][-]{section.7}{\376\377\000\067\000\040\133\236\232\214}{}% 21
\BOOKMARK [2][-]{subsection.7.1}{\376\377\000\067\000\056\000\061\000\040\133\236\232\214\213\276\177\156}{section.7}% 22
\BOOKMARK [2][-]{subsection.7.2}{\376\377\000\067\000\056\000\062\000\040\140\047\200\375\122\006\147\220}{section.7}% 23
\BOOKMARK [1][-]{section.8}{\376\377\000\070\000\040\140\073\176\323}{}% 24
